22:03:12.429 [ApplicationImpl pooled thread 89] INFO  c.b.l.BrowserStackRunExtension - junit
22:03:12.430 [ApplicationImpl pooled thread 89] INFO  com.browserstack.utils.Helpers - null
22:03:12.430 [ApplicationImpl pooled thread 89] INFO  c.b.l.BrowserStackRunExtension - Agent path: null
22:11:47.487 [ApplicationImpl pooled thread 115] INFO  c.b.l.BrowserStackRunExtension - junit
22:11:47.487 [ApplicationImpl pooled thread 115] INFO  com.browserstack.utils.Helpers - null
22:11:47.488 [ApplicationImpl pooled thread 115] INFO  c.b.l.BrowserStackRunExtension - Agent path: null
21:30:48.267 [ApplicationImpl pooled thread 46] INFO  c.b.l.BrowserStackRunExtension - junit
21:30:48.267 [ApplicationImpl pooled thread 46] INFO  com.browserstack.utils.Helpers - null
21:30:48.268 [ApplicationImpl pooled thread 46] INFO  c.b.l.BrowserStackRunExtension - Agent path: null
21:38:20.699 [ApplicationImpl pooled thread 53] INFO  c.b.l.BrowserStackRunExtension - maven
21:38:20.699 [ApplicationImpl pooled thread 53] INFO  com.browserstack.utils.Helpers - null
21:39:11.401 [ApplicationImpl pooled thread 50] INFO  c.b.l.BrowserStackRunExtension - maven
21:39:11.401 [ApplicationImpl pooled thread 50] INFO  com.browserstack.utils.Helpers - null
21:39:24.583 [ApplicationImpl pooled thread 57] INFO  c.b.l.BrowserStackRunExtension - maven
21:39:24.583 [ApplicationImpl pooled thread 57] INFO  com.browserstack.utils.Helpers - null
21:45:43.078 [ApplicationImpl pooled thread 62] INFO  c.b.l.BrowserStackRunExtension - junit
21:45:43.078 [ApplicationImpl pooled thread 62] INFO  com.browserstack.utils.Helpers - null
21:45:43.078 [ApplicationImpl pooled thread 62] INFO  c.b.l.BrowserStackRunExtension - Agent path: null
15:46:50.899 [ApplicationImpl pooled thread 36] INFO  c.b.l.BrowserStackRunExtension - junit
15:46:50.900 [ApplicationImpl pooled thread 36] INFO  com.browserstack.utils.Helpers - null
15:46:50.901 [ApplicationImpl pooled thread 36] INFO  com.browserstack.utils.Helpers - C:/Users/mickg/.m2/repository/com/browserstack/browserstack-java-sdk/1.20.0/browserstack-java-sdk-1.20.0.jar
15:46:50.901 [ApplicationImpl pooled thread 36] INFO  c.b.l.BrowserStackRunExtension - Agent path: C:/Users/mickg/.m2/repository/com/browserstack/browserstack-java-sdk/1.20.0/browserstack-java-sdk-1.20.0.jar
15:46:50.901 [ApplicationImpl pooled thread 36] INFO  c.b.l.BrowserStackRunExtension - Plugin version: v1.1.4
15:52:48.724 [ApplicationImpl pooled thread 43] INFO  c.b.l.BrowserStackRunExtension - junit
15:52:48.724 [ApplicationImpl pooled thread 43] INFO  com.browserstack.utils.Helpers - null
15:52:48.725 [ApplicationImpl pooled thread 43] INFO  com.browserstack.utils.Helpers - C:/Users/mickg/.m2/repository/com/browserstack/browserstack-java-sdk/1.20.0/browserstack-java-sdk-1.20.0.jar
15:52:48.725 [ApplicationImpl pooled thread 43] INFO  c.b.l.BrowserStackRunExtension - Agent path: C:/Users/mickg/.m2/repository/com/browserstack/browserstack-java-sdk/1.20.0/browserstack-java-sdk-1.20.0.jar
15:52:48.725 [ApplicationImpl pooled thread 43] INFO  c.b.l.BrowserStackRunExtension - Plugin version: v1.1.4
15:56:12.651 [ApplicationImpl pooled thread 43] INFO  c.b.l.BrowserStackRunExtension - junit
15:56:12.651 [ApplicationImpl pooled thread 43] INFO  com.browserstack.utils.Helpers - null
15:56:12.652 [ApplicationImpl pooled thread 43] INFO  com.browserstack.utils.Helpers - C:/Users/mickg/.m2/repository/com/browserstack/browserstack-java-sdk/1.20.0/browserstack-java-sdk-1.20.0.jar
15:56:12.652 [ApplicationImpl pooled thread 43] INFO  c.b.l.BrowserStackRunExtension - Agent path: C:/Users/mickg/.m2/repository/com/browserstack/browserstack-java-sdk/1.20.0/browserstack-java-sdk-1.20.0.jar
15:56:12.652 [ApplicationImpl pooled thread 43] INFO  c.b.l.BrowserStackRunExtension - Plugin version: v1.1.4
16:01:13.924 [ApplicationImpl pooled thread 45] INFO  c.b.l.BrowserStackRunExtension - junit
16:01:13.924 [ApplicationImpl pooled thread 45] INFO  com.browserstack.utils.Helpers - null
16:01:13.925 [ApplicationImpl pooled thread 45] INFO  com.browserstack.utils.Helpers - C:/Users/mickg/.m2/repository/com/browserstack/browserstack-java-sdk/1.20.0/browserstack-java-sdk-1.20.0.jar
16:01:13.925 [ApplicationImpl pooled thread 45] INFO  c.b.l.BrowserStackRunExtension - Agent path: C:/Users/mickg/.m2/repository/com/browserstack/browserstack-java-sdk/1.20.0/browserstack-java-sdk-1.20.0.jar
16:01:13.925 [ApplicationImpl pooled thread 45] INFO  c.b.l.BrowserStackRunExtension - Plugin version: v1.1.4
16:02:55.389 [ApplicationImpl pooled thread 46] INFO  c.b.l.BrowserStackRunExtension - junit
16:02:55.389 [ApplicationImpl pooled thread 46] INFO  com.browserstack.utils.Helpers - null
16:02:55.390 [ApplicationImpl pooled thread 46] INFO  com.browserstack.utils.Helpers - C:/Users/mickg/.m2/repository/com/browserstack/browserstack-java-sdk/1.20.0/browserstack-java-sdk-1.20.0.jar
16:02:55.390 [ApplicationImpl pooled thread 46] INFO  c.b.l.BrowserStackRunExtension - Agent path: C:/Users/mickg/.m2/repository/com/browserstack/browserstack-java-sdk/1.20.0/browserstack-java-sdk-1.20.0.jar
16:02:55.390 [ApplicationImpl pooled thread 46] INFO  c.b.l.BrowserStackRunExtension - Plugin version: v1.1.4
16:06:18.500 [ApplicationImpl pooled thread 46] INFO  c.b.l.BrowserStackRunExtension - junit
16:06:18.500 [ApplicationImpl pooled thread 46] INFO  com.browserstack.utils.Helpers - null
16:06:18.501 [ApplicationImpl pooled thread 46] INFO  com.browserstack.utils.Helpers - C:/Users/mickg/.m2/repository/com/browserstack/browserstack-java-sdk/1.20.0/browserstack-java-sdk-1.20.0.jar
16:06:18.501 [ApplicationImpl pooled thread 46] INFO  c.b.l.BrowserStackRunExtension - Agent path: C:/Users/mickg/.m2/repository/com/browserstack/browserstack-java-sdk/1.20.0/browserstack-java-sdk-1.20.0.jar
16:06:18.501 [ApplicationImpl pooled thread 46] INFO  c.b.l.BrowserStackRunExtension - Plugin version: v1.1.4
16:08:54.229 [ApplicationImpl pooled thread 49] INFO  c.b.l.BrowserStackRunExtension - junit
16:08:54.229 [ApplicationImpl pooled thread 49] INFO  com.browserstack.utils.Helpers - null
16:08:54.230 [ApplicationImpl pooled thread 49] INFO  com.browserstack.utils.Helpers - C:/Users/mickg/.m2/repository/com/browserstack/browserstack-java-sdk/1.20.0/browserstack-java-sdk-1.20.0.jar
16:08:54.230 [ApplicationImpl pooled thread 49] INFO  c.b.l.BrowserStackRunExtension - Agent path: C:/Users/mickg/.m2/repository/com/browserstack/browserstack-java-sdk/1.20.0/browserstack-java-sdk-1.20.0.jar
16:08:54.230 [ApplicationImpl pooled thread 49] INFO  c.b.l.BrowserStackRunExtension - Plugin version: v1.1.4
16:11:22.299 [ApplicationImpl pooled thread 52] INFO  c.b.l.BrowserStackRunExtension - junit
16:11:22.299 [ApplicationImpl pooled thread 52] INFO  com.browserstack.utils.Helpers - null
16:11:22.299 [ApplicationImpl pooled thread 52] INFO  com.browserstack.utils.Helpers - C:/Users/mickg/.m2/repository/com/browserstack/browserstack-java-sdk/1.20.0/browserstack-java-sdk-1.20.0.jar
16:11:22.299 [ApplicationImpl pooled thread 52] INFO  c.b.l.BrowserStackRunExtension - Agent path: C:/Users/mickg/.m2/repository/com/browserstack/browserstack-java-sdk/1.20.0/browserstack-java-sdk-1.20.0.jar
16:11:22.299 [ApplicationImpl pooled thread 52] INFO  c.b.l.BrowserStackRunExtension - Plugin version: v1.1.4
16:15:06.891 [ApplicationImpl pooled thread 54] INFO  c.b.l.BrowserStackRunExtension - junit
16:15:06.891 [ApplicationImpl pooled thread 54] INFO  com.browserstack.utils.Helpers - null
16:15:06.892 [ApplicationImpl pooled thread 54] INFO  com.browserstack.utils.Helpers - C:/Users/mickg/.m2/repository/com/browserstack/browserstack-java-sdk/1.20.0/browserstack-java-sdk-1.20.0.jar
16:15:06.892 [ApplicationImpl pooled thread 54] INFO  c.b.l.BrowserStackRunExtension - Agent path: C:/Users/mickg/.m2/repository/com/browserstack/browserstack-java-sdk/1.20.0/browserstack-java-sdk-1.20.0.jar
16:15:06.892 [ApplicationImpl pooled thread 54] INFO  c.b.l.BrowserStackRunExtension - Plugin version: v1.1.4
16:16:50.198 [ApplicationImpl pooled thread 46] INFO  c.b.l.BrowserStackRunExtension - junit
16:16:50.198 [ApplicationImpl pooled thread 46] INFO  com.browserstack.utils.Helpers - null
16:16:50.199 [ApplicationImpl pooled thread 46] INFO  com.browserstack.utils.Helpers - C:/Users/mickg/.m2/repository/com/browserstack/browserstack-java-sdk/1.20.0/browserstack-java-sdk-1.20.0.jar
16:16:50.199 [ApplicationImpl pooled thread 46] INFO  c.b.l.BrowserStackRunExtension - Agent path: C:/Users/mickg/.m2/repository/com/browserstack/browserstack-java-sdk/1.20.0/browserstack-java-sdk-1.20.0.jar
16:16:50.199 [ApplicationImpl pooled thread 46] INFO  c.b.l.BrowserStackRunExtension - Plugin version: v1.1.4
16:24:09.880 [ApplicationImpl pooled thread 54] INFO  c.b.l.BrowserStackRunExtension - junit
16:24:09.880 [ApplicationImpl pooled thread 54] INFO  com.browserstack.utils.Helpers - null
16:24:09.881 [ApplicationImpl pooled thread 54] INFO  com.browserstack.utils.Helpers - C:/Users/mickg/.m2/repository/com/browserstack/browserstack-java-sdk/1.20.0/browserstack-java-sdk-1.20.0.jar
16:24:09.881 [ApplicationImpl pooled thread 54] INFO  c.b.l.BrowserStackRunExtension - Agent path: C:/Users/mickg/.m2/repository/com/browserstack/browserstack-java-sdk/1.20.0/browserstack-java-sdk-1.20.0.jar
16:24:09.881 [ApplicationImpl pooled thread 54] INFO  c.b.l.BrowserStackRunExtension - Plugin version: v1.1.4
16:43:10.821 [ApplicationImpl pooled thread 64] INFO  c.b.l.BrowserStackRunExtension - junit
16:43:10.821 [ApplicationImpl pooled thread 64] INFO  com.browserstack.utils.Helpers - null
16:43:10.822 [ApplicationImpl pooled thread 64] INFO  com.browserstack.utils.Helpers - C:/Users/mickg/.m2/repository/com/browserstack/browserstack-java-sdk/1.20.0/browserstack-java-sdk-1.20.0.jar
16:43:10.822 [ApplicationImpl pooled thread 64] INFO  c.b.l.BrowserStackRunExtension - Agent path: C:/Users/mickg/.m2/repository/com/browserstack/browserstack-java-sdk/1.20.0/browserstack-java-sdk-1.20.0.jar
16:43:10.822 [ApplicationImpl pooled thread 64] INFO  c.b.l.BrowserStackRunExtension - Plugin version: v1.1.4
16:47:15.715 [ApplicationImpl pooled thread 63] INFO  c.b.l.BrowserStackRunExtension - junit
16:47:15.715 [ApplicationImpl pooled thread 63] INFO  com.browserstack.utils.Helpers - null
16:47:15.716 [ApplicationImpl pooled thread 63] INFO  com.browserstack.utils.Helpers - C:/Users/mickg/.m2/repository/com/browserstack/browserstack-java-sdk/1.20.0/browserstack-java-sdk-1.20.0.jar
16:47:15.716 [ApplicationImpl pooled thread 63] INFO  c.b.l.BrowserStackRunExtension - Agent path: C:/Users/mickg/.m2/repository/com/browserstack/browserstack-java-sdk/1.20.0/browserstack-java-sdk-1.20.0.jar
16:47:15.716 [ApplicationImpl pooled thread 63] INFO  c.b.l.BrowserStackRunExtension - Plugin version: v1.1.4
18:58:53.824 [ApplicationImpl pooled thread 102] INFO  c.b.l.BrowserStackRunExtension - maven
18:58:53.824 [ApplicationImpl pooled thread 102] INFO  com.browserstack.utils.Helpers - null
18:59:04.177 [ApplicationImpl pooled thread 104] INFO  c.b.l.BrowserStackRunExtension - maven
18:59:04.177 [ApplicationImpl pooled thread 104] INFO  com.browserstack.utils.Helpers - null
19:00:05.523 [ApplicationImpl pooled thread 105] INFO  c.b.l.BrowserStackRunExtension - junit
19:00:05.523 [ApplicationImpl pooled thread 105] INFO  com.browserstack.utils.Helpers - null
19:00:05.524 [ApplicationImpl pooled thread 105] INFO  com.browserstack.utils.Helpers - C:/Users/mickg/.m2/repository/com/browserstack/browserstack-java-sdk/1.20.0/browserstack-java-sdk-1.20.0.jar
19:00:05.524 [ApplicationImpl pooled thread 105] INFO  c.b.l.BrowserStackRunExtension - Agent path: C:/Users/mickg/.m2/repository/com/browserstack/browserstack-java-sdk/1.20.0/browserstack-java-sdk-1.20.0.jar
19:00:05.524 [ApplicationImpl pooled thread 105] INFO  c.b.l.BrowserStackRunExtension - Plugin version: v1.1.4
19:00:16.413 [ApplicationImpl pooled thread 105] INFO  c.b.l.BrowserStackRunExtension - junit
19:00:16.413 [ApplicationImpl pooled thread 105] INFO  com.browserstack.utils.Helpers - null
19:00:16.414 [ApplicationImpl pooled thread 105] INFO  com.browserstack.utils.Helpers - C:/Users/mickg/.m2/repository/com/browserstack/browserstack-java-sdk/1.20.0/browserstack-java-sdk-1.20.0.jar
19:00:16.414 [ApplicationImpl pooled thread 105] INFO  c.b.l.BrowserStackRunExtension - Agent path: C:/Users/mickg/.m2/repository/com/browserstack/browserstack-java-sdk/1.20.0/browserstack-java-sdk-1.20.0.jar
19:00:16.414 [ApplicationImpl pooled thread 105] INFO  c.b.l.BrowserStackRunExtension - Plugin version: v1.1.4
20:57:52.877 [ApplicationImpl pooled thread 25] INFO  c.b.l.BrowserStackRunExtension - junit
20:57:52.879 [ApplicationImpl pooled thread 25] INFO  com.browserstack.utils.Helpers - null
20:57:52.879 [ApplicationImpl pooled thread 25] INFO  com.browserstack.utils.Helpers - C:/Users/mickg/.m2/repository/com/browserstack/browserstack-java-sdk/1.20.0/browserstack-java-sdk-1.20.0.jar
20:57:52.879 [ApplicationImpl pooled thread 25] INFO  c.b.l.BrowserStackRunExtension - Agent path: C:/Users/mickg/.m2/repository/com/browserstack/browserstack-java-sdk/1.20.0/browserstack-java-sdk-1.20.0.jar
20:57:52.879 [ApplicationImpl pooled thread 25] INFO  c.b.l.BrowserStackRunExtension - Plugin version: v1.1.4
21:16:07.002 [ApplicationImpl pooled thread 39] INFO  c.b.l.BrowserStackRunExtension - junit
21:16:07.002 [ApplicationImpl pooled thread 39] INFO  com.browserstack.utils.Helpers - null
21:16:07.014 [ApplicationImpl pooled thread 39] INFO  com.browserstack.utils.Helpers - C:/Users/mickg/.m2/repository/com/browserstack/browserstack-java-sdk/1.20.0/browserstack-java-sdk-1.20.0.jar
21:16:07.014 [ApplicationImpl pooled thread 39] INFO  c.b.l.BrowserStackRunExtension - Agent path: C:/Users/mickg/.m2/repository/com/browserstack/browserstack-java-sdk/1.20.0/browserstack-java-sdk-1.20.0.jar
21:16:07.014 [ApplicationImpl pooled thread 39] INFO  c.b.l.BrowserStackRunExtension - Plugin version: v1.1.4
21:19:30.507 [ApplicationImpl pooled thread 43] INFO  c.b.l.BrowserStackRunExtension - junit
21:19:30.507 [ApplicationImpl pooled thread 43] INFO  com.browserstack.utils.Helpers - null
21:19:30.510 [ApplicationImpl pooled thread 43] INFO  com.browserstack.utils.Helpers - C:/Users/mickg/.m2/repository/com/browserstack/browserstack-java-sdk/1.20.0/browserstack-java-sdk-1.20.0.jar
21:19:30.510 [ApplicationImpl pooled thread 43] INFO  c.b.l.BrowserStackRunExtension - Agent path: C:/Users/mickg/.m2/repository/com/browserstack/browserstack-java-sdk/1.20.0/browserstack-java-sdk-1.20.0.jar
21:19:30.510 [ApplicationImpl pooled thread 43] INFO  c.b.l.BrowserStackRunExtension - Plugin version: v1.1.4
21:41:41.265 [ApplicationImpl pooled thread 97] INFO  c.b.l.BrowserStackRunExtension - junit
21:41:41.265 [ApplicationImpl pooled thread 97] INFO  com.browserstack.utils.Helpers - null
21:41:41.265 [ApplicationImpl pooled thread 97] INFO  com.browserstack.utils.Helpers - C:/Users/mickg/.m2/repository/com/browserstack/browserstack-java-sdk/1.20.0/browserstack-java-sdk-1.20.0.jar
21:41:41.265 [ApplicationImpl pooled thread 97] INFO  c.b.l.BrowserStackRunExtension - Agent path: C:/Users/mickg/.m2/repository/com/browserstack/browserstack-java-sdk/1.20.0/browserstack-java-sdk-1.20.0.jar
21:41:41.265 [ApplicationImpl pooled thread 97] INFO  c.b.l.BrowserStackRunExtension - Plugin version: v1.1.4
21:49:39.943 [ApplicationImpl pooled thread 115] INFO  c.b.l.BrowserStackRunExtension - junit
21:49:39.944 [ApplicationImpl pooled thread 115] INFO  com.browserstack.utils.Helpers - null
21:49:39.953 [ApplicationImpl pooled thread 115] INFO  com.browserstack.utils.Helpers - C:/Users/mickg/.m2/repository/com/browserstack/browserstack-java-sdk/1.20.0/browserstack-java-sdk-1.20.0.jar
21:49:39.953 [ApplicationImpl pooled thread 115] INFO  c.b.l.BrowserStackRunExtension - Agent path: C:/Users/mickg/.m2/repository/com/browserstack/browserstack-java-sdk/1.20.0/browserstack-java-sdk-1.20.0.jar
21:49:39.953 [ApplicationImpl pooled thread 115] INFO  c.b.l.BrowserStackRunExtension - Plugin version: v1.1.4
21:55:26.821 [ApplicationImpl pooled thread 123] INFO  c.b.l.BrowserStackRunExtension - junit
21:55:26.821 [ApplicationImpl pooled thread 123] INFO  com.browserstack.utils.Helpers - null
21:55:26.824 [ApplicationImpl pooled thread 123] INFO  com.browserstack.utils.Helpers - C:/Users/mickg/.m2/repository/com/browserstack/browserstack-java-sdk/1.20.0/browserstack-java-sdk-1.20.0.jar
21:55:26.824 [ApplicationImpl pooled thread 123] INFO  c.b.l.BrowserStackRunExtension - Agent path: C:/Users/mickg/.m2/repository/com/browserstack/browserstack-java-sdk/1.20.0/browserstack-java-sdk-1.20.0.jar
21:55:26.824 [ApplicationImpl pooled thread 123] INFO  c.b.l.BrowserStackRunExtension - Plugin version: v1.1.4
21:58:53.635 [ApplicationImpl pooled thread 133] INFO  c.b.l.BrowserStackRunExtension - junit
21:58:53.635 [ApplicationImpl pooled thread 133] INFO  com.browserstack.utils.Helpers - null
21:58:53.648 [ApplicationImpl pooled thread 133] INFO  com.browserstack.utils.Helpers - C:/Users/mickg/.m2/repository/com/browserstack/browserstack-java-sdk/1.20.0/browserstack-java-sdk-1.20.0.jar
21:58:53.648 [ApplicationImpl pooled thread 133] INFO  c.b.l.BrowserStackRunExtension - Agent path: C:/Users/mickg/.m2/repository/com/browserstack/browserstack-java-sdk/1.20.0/browserstack-java-sdk-1.20.0.jar
21:58:53.648 [ApplicationImpl pooled thread 133] INFO  c.b.l.BrowserStackRunExtension - Plugin version: v1.1.4
22:01:45.475 [ApplicationImpl pooled thread 150] INFO  c.b.l.BrowserStackRunExtension - junit
22:01:45.475 [ApplicationImpl pooled thread 150] INFO  com.browserstack.utils.Helpers - null
22:01:45.490 [ApplicationImpl pooled thread 150] INFO  com.browserstack.utils.Helpers - C:/Users/mickg/.m2/repository/com/browserstack/browserstack-java-sdk/1.20.0/browserstack-java-sdk-1.20.0.jar
22:01:45.490 [ApplicationImpl pooled thread 150] INFO  c.b.l.BrowserStackRunExtension - Agent path: C:/Users/mickg/.m2/repository/com/browserstack/browserstack-java-sdk/1.20.0/browserstack-java-sdk-1.20.0.jar
22:01:45.490 [ApplicationImpl pooled thread 150] INFO  c.b.l.BrowserStackRunExtension - Plugin version: v1.1.4
22:04:49.306 [ApplicationImpl pooled thread 173] INFO  c.b.l.BrowserStackRunExtension - junit
22:04:49.306 [ApplicationImpl pooled thread 173] INFO  com.browserstack.utils.Helpers - null
22:04:49.321 [ApplicationImpl pooled thread 173] INFO  com.browserstack.utils.Helpers - C:/Users/mickg/.m2/repository/com/browserstack/browserstack-java-sdk/1.20.0/browserstack-java-sdk-1.20.0.jar
22:04:49.321 [ApplicationImpl pooled thread 173] INFO  c.b.l.BrowserStackRunExtension - Agent path: C:/Users/mickg/.m2/repository/com/browserstack/browserstack-java-sdk/1.20.0/browserstack-java-sdk-1.20.0.jar
22:04:49.321 [ApplicationImpl pooled thread 173] INFO  c.b.l.BrowserStackRunExtension - Plugin version: v1.1.4
19:44:51.621 [ApplicationImpl pooled thread 30] INFO  c.b.l.BrowserStackRunExtension - maven
19:44:51.623 [ApplicationImpl pooled thread 30] INFO  com.browserstack.utils.Helpers - null
19:46:08.365 [ApplicationImpl pooled thread 35] INFO  c.b.l.BrowserStackRunExtension - junit
19:46:08.365 [ApplicationImpl pooled thread 35] INFO  com.browserstack.utils.Helpers - null
19:46:08.366 [ApplicationImpl pooled thread 35] INFO  com.browserstack.utils.Helpers - C:/Users/mickg/.m2/repository/com/browserstack/browserstack-java-sdk/1.20.0/browserstack-java-sdk-1.20.0.jar
19:46:08.366 [ApplicationImpl pooled thread 35] INFO  c.b.l.BrowserStackRunExtension - Agent path: C:/Users/mickg/.m2/repository/com/browserstack/browserstack-java-sdk/1.20.0/browserstack-java-sdk-1.20.0.jar
19:46:08.366 [ApplicationImpl pooled thread 35] INFO  c.b.l.BrowserStackRunExtension - Plugin version: v1.1.4
19:48:04.321 [ApplicationImpl pooled thread 33] INFO  c.b.l.BrowserStackRunExtension - junit
19:48:04.321 [ApplicationImpl pooled thread 33] INFO  com.browserstack.utils.Helpers - null
19:48:04.322 [ApplicationImpl pooled thread 33] INFO  com.browserstack.utils.Helpers - C:/Users/mickg/.m2/repository/com/browserstack/browserstack-java-sdk/1.20.0/browserstack-java-sdk-1.20.0.jar
19:48:04.322 [ApplicationImpl pooled thread 33] INFO  c.b.l.BrowserStackRunExtension - Agent path: C:/Users/mickg/.m2/repository/com/browserstack/browserstack-java-sdk/1.20.0/browserstack-java-sdk-1.20.0.jar
19:48:04.322 [ApplicationImpl pooled thread 33] INFO  c.b.l.BrowserStackRunExtension - Plugin version: v1.1.4
19:55:10.592 [ApplicationImpl pooled thread 56] INFO  c.b.l.BrowserStackRunExtension - maven
19:55:10.592 [ApplicationImpl pooled thread 56] INFO  com.browserstack.utils.Helpers - null
19:55:26.189 [ApplicationImpl pooled thread 52] INFO  c.b.l.BrowserStackRunExtension - maven
19:55:26.189 [ApplicationImpl pooled thread 52] INFO  com.browserstack.utils.Helpers - null
19:55:44.955 [ApplicationImpl pooled thread 56] INFO  c.b.l.BrowserStackRunExtension - junit
19:55:44.955 [ApplicationImpl pooled thread 56] INFO  com.browserstack.utils.Helpers - null
19:55:44.955 [ApplicationImpl pooled thread 56] INFO  com.browserstack.utils.Helpers - C:/Users/mickg/.m2/repository/com/browserstack/browserstack-java-sdk/1.20.0/browserstack-java-sdk-1.20.0.jar
19:55:44.955 [ApplicationImpl pooled thread 56] INFO  c.b.l.BrowserStackRunExtension - Agent path: C:/Users/mickg/.m2/repository/com/browserstack/browserstack-java-sdk/1.20.0/browserstack-java-sdk-1.20.0.jar
19:55:44.955 [ApplicationImpl pooled thread 56] INFO  c.b.l.BrowserStackRunExtension - Plugin version: v1.1.4
20:13:25.434 [ApplicationImpl pooled thread 60] INFO  c.b.l.BrowserStackRunExtension - junit
20:13:25.434 [ApplicationImpl pooled thread 60] INFO  com.browserstack.utils.Helpers - null
20:13:25.435 [ApplicationImpl pooled thread 60] INFO  com.browserstack.utils.Helpers - C:/Users/mickg/.m2/repository/com/browserstack/browserstack-java-sdk/1.20.0/browserstack-java-sdk-1.20.0.jar
20:13:25.435 [ApplicationImpl pooled thread 60] INFO  c.b.l.BrowserStackRunExtension - Agent path: C:/Users/mickg/.m2/repository/com/browserstack/browserstack-java-sdk/1.20.0/browserstack-java-sdk-1.20.0.jar
20:13:25.435 [ApplicationImpl pooled thread 60] INFO  c.b.l.BrowserStackRunExtension - Plugin version: v1.1.4
20:30:19.043 [ApplicationImpl pooled thread 68] INFO  c.b.l.BrowserStackRunExtension - maven
20:30:19.043 [ApplicationImpl pooled thread 68] INFO  com.browserstack.utils.Helpers - null
20:30:26.987 [ApplicationImpl pooled thread 67] INFO  c.b.l.BrowserStackRunExtension - maven
20:30:26.988 [ApplicationImpl pooled thread 67] INFO  com.browserstack.utils.Helpers - null
20:42:56.277 [ApplicationImpl pooled thread 66] INFO  c.b.l.BrowserStackRunExtension - maven
20:42:56.277 [ApplicationImpl pooled thread 66] INFO  com.browserstack.utils.Helpers - null
20:43:05.769 [ApplicationImpl pooled thread 92] INFO  c.b.l.BrowserStackRunExtension - junit
20:43:05.769 [ApplicationImpl pooled thread 92] INFO  com.browserstack.utils.Helpers - null
20:43:05.770 [ApplicationImpl pooled thread 92] INFO  com.browserstack.utils.Helpers - C:/Users/mickg/.m2/repository/com/browserstack/browserstack-java-sdk/1.20.1/browserstack-java-sdk-1.20.1.jar
20:43:05.770 [ApplicationImpl pooled thread 92] INFO  c.b.l.BrowserStackRunExtension - Agent path: C:/Users/mickg/.m2/repository/com/browserstack/browserstack-java-sdk/1.20.1/browserstack-java-sdk-1.20.1.jar
20:43:05.770 [ApplicationImpl pooled thread 92] INFO  c.b.l.BrowserStackRunExtension - Plugin version: v1.1.4
21:29:42.674 [ApplicationImpl pooled thread 43] INFO  c.b.l.BrowserStackRunExtension - junit
21:29:42.676 [ApplicationImpl pooled thread 43] INFO  com.browserstack.utils.Helpers - null
21:29:42.676 [ApplicationImpl pooled thread 43] INFO  com.browserstack.utils.Helpers - C:/Users/mickg/.m2/repository/com/browserstack/browserstack-java-sdk/1.20.1/browserstack-java-sdk-1.20.1.jar
21:29:42.676 [ApplicationImpl pooled thread 43] INFO  c.b.l.BrowserStackRunExtension - Agent path: C:/Users/mickg/.m2/repository/com/browserstack/browserstack-java-sdk/1.20.1/browserstack-java-sdk-1.20.1.jar
21:29:42.676 [ApplicationImpl pooled thread 43] INFO  c.b.l.BrowserStackRunExtension - Plugin version: v1.1.4
21:38:23.185 [ApplicationImpl pooled thread 45] INFO  c.b.l.BrowserStackRunExtension - junit
21:38:23.186 [ApplicationImpl pooled thread 45] INFO  com.browserstack.utils.Helpers - null
21:38:23.187 [ApplicationImpl pooled thread 45] INFO  com.browserstack.utils.Helpers - C:/Users/mickg/.m2/repository/com/browserstack/browserstack-java-sdk/1.20.1/browserstack-java-sdk-1.20.1.jar
21:38:23.187 [ApplicationImpl pooled thread 45] INFO  c.b.l.BrowserStackRunExtension - Agent path: C:/Users/mickg/.m2/repository/com/browserstack/browserstack-java-sdk/1.20.1/browserstack-java-sdk-1.20.1.jar
21:38:23.187 [ApplicationImpl pooled thread 45] INFO  c.b.l.BrowserStackRunExtension - Plugin version: v1.1.4
21:39:36.348 [ApplicationImpl pooled thread 45] INFO  c.b.l.BrowserStackRunExtension - junit
21:39:36.348 [ApplicationImpl pooled thread 45] INFO  com.browserstack.utils.Helpers - null
21:39:36.363 [ApplicationImpl pooled thread 45] INFO  com.browserstack.utils.Helpers - C:/Users/mickg/.m2/repository/com/browserstack/browserstack-java-sdk/1.20.1/browserstack-java-sdk-1.20.1.jar
21:39:36.363 [ApplicationImpl pooled thread 45] INFO  c.b.l.BrowserStackRunExtension - Agent path: C:/Users/mickg/.m2/repository/com/browserstack/browserstack-java-sdk/1.20.1/browserstack-java-sdk-1.20.1.jar
21:39:36.363 [ApplicationImpl pooled thread 45] INFO  c.b.l.BrowserStackRunExtension - Plugin version: v1.1.4
21:28:56.174 [ApplicationImpl pooled thread 25] INFO  c.b.l.BrowserStackRunExtension - junit
21:28:56.175 [ApplicationImpl pooled thread 25] INFO  com.browserstack.utils.Helpers - null
21:28:56.176 [ApplicationImpl pooled thread 25] INFO  com.browserstack.utils.Helpers - C:/Users/mickg/.m2/repository/com/browserstack/browserstack-java-sdk/1.20.1/browserstack-java-sdk-1.20.1.jar
21:28:56.176 [ApplicationImpl pooled thread 25] INFO  c.b.l.BrowserStackRunExtension - Agent path: C:/Users/mickg/.m2/repository/com/browserstack/browserstack-java-sdk/1.20.1/browserstack-java-sdk-1.20.1.jar
21:28:56.176 [ApplicationImpl pooled thread 25] INFO  c.b.l.BrowserStackRunExtension - Plugin version: v1.1.4
18:37:00.841 [ApplicationImpl pooled thread 50] INFO  c.b.l.BrowserStackRunExtension - junit
18:37:00.842 [ApplicationImpl pooled thread 50] INFO  com.browserstack.utils.Helpers - null
18:37:00.843 [ApplicationImpl pooled thread 50] INFO  com.browserstack.utils.Helpers - C:/Users/mickg/.m2/repository/com/browserstack/browserstack-java-sdk/1.20.1/browserstack-java-sdk-1.20.1.jar
18:37:00.843 [ApplicationImpl pooled thread 50] INFO  c.b.l.BrowserStackRunExtension - Agent path: C:/Users/mickg/.m2/repository/com/browserstack/browserstack-java-sdk/1.20.1/browserstack-java-sdk-1.20.1.jar
18:37:00.843 [ApplicationImpl pooled thread 50] INFO  c.b.l.BrowserStackRunExtension - Plugin version: v1.1.4
18:38:04.634 [ApplicationImpl pooled thread 49] INFO  c.b.l.BrowserStackRunExtension - junit
18:38:04.634 [ApplicationImpl pooled thread 49] INFO  com.browserstack.utils.Helpers - null
18:38:04.644 [ApplicationImpl pooled thread 49] INFO  com.browserstack.utils.Helpers - C:/Users/mickg/.m2/repository/com/browserstack/browserstack-java-sdk/1.20.1/browserstack-java-sdk-1.20.1.jar
18:38:04.644 [ApplicationImpl pooled thread 49] INFO  c.b.l.BrowserStackRunExtension - Agent path: C:/Users/mickg/.m2/repository/com/browserstack/browserstack-java-sdk/1.20.1/browserstack-java-sdk-1.20.1.jar
18:38:04.644 [ApplicationImpl pooled thread 49] INFO  c.b.l.BrowserStackRunExtension - Plugin version: v1.1.4
18:46:00.293 [ApplicationImpl pooled thread 57] INFO  c.b.l.BrowserStackRunExtension - junit
18:46:00.293 [ApplicationImpl pooled thread 57] INFO  com.browserstack.utils.Helpers - null
18:46:00.293 [ApplicationImpl pooled thread 57] INFO  com.browserstack.utils.Helpers - C:/Users/mickg/.m2/repository/com/browserstack/browserstack-java-sdk/1.20.1/browserstack-java-sdk-1.20.1.jar
18:46:00.293 [ApplicationImpl pooled thread 57] INFO  c.b.l.BrowserStackRunExtension - Agent path: C:/Users/mickg/.m2/repository/com/browserstack/browserstack-java-sdk/1.20.1/browserstack-java-sdk-1.20.1.jar
18:46:00.293 [ApplicationImpl pooled thread 57] INFO  c.b.l.BrowserStackRunExtension - Plugin version: v1.1.4
18:53:41.471 [ApplicationImpl pooled thread 60] INFO  c.b.l.BrowserStackRunExtension - junit
18:53:41.471 [ApplicationImpl pooled thread 60] INFO  com.browserstack.utils.Helpers - null
18:53:41.481 [ApplicationImpl pooled thread 60] INFO  com.browserstack.utils.Helpers - C:/Users/mickg/.m2/repository/com/browserstack/browserstack-java-sdk/1.20.1/browserstack-java-sdk-1.20.1.jar
18:53:41.481 [ApplicationImpl pooled thread 60] INFO  c.b.l.BrowserStackRunExtension - Agent path: C:/Users/mickg/.m2/repository/com/browserstack/browserstack-java-sdk/1.20.1/browserstack-java-sdk-1.20.1.jar
18:53:41.481 [ApplicationImpl pooled thread 60] INFO  c.b.l.BrowserStackRunExtension - Plugin version: v1.1.4
18:55:39.706 [ApplicationImpl pooled thread 66] INFO  c.b.l.BrowserStackRunExtension - junit
18:55:39.706 [ApplicationImpl pooled thread 66] INFO  com.browserstack.utils.Helpers - null
18:55:39.718 [ApplicationImpl pooled thread 66] INFO  com.browserstack.utils.Helpers - C:/Users/mickg/.m2/repository/com/browserstack/browserstack-java-sdk/1.20.1/browserstack-java-sdk-1.20.1.jar
18:55:39.718 [ApplicationImpl pooled thread 66] INFO  c.b.l.BrowserStackRunExtension - Agent path: C:/Users/mickg/.m2/repository/com/browserstack/browserstack-java-sdk/1.20.1/browserstack-java-sdk-1.20.1.jar
18:55:39.718 [ApplicationImpl pooled thread 66] INFO  c.b.l.BrowserStackRunExtension - Plugin version: v1.1.4
18:57:15.826 [ApplicationImpl pooled thread 71] INFO  c.b.l.BrowserStackRunExtension - junit
18:57:15.826 [ApplicationImpl pooled thread 71] INFO  com.browserstack.utils.Helpers - null
18:57:15.840 [ApplicationImpl pooled thread 71] INFO  com.browserstack.utils.Helpers - C:/Users/mickg/.m2/repository/com/browserstack/browserstack-java-sdk/1.20.1/browserstack-java-sdk-1.20.1.jar
18:57:15.840 [ApplicationImpl pooled thread 71] INFO  c.b.l.BrowserStackRunExtension - Agent path: C:/Users/mickg/.m2/repository/com/browserstack/browserstack-java-sdk/1.20.1/browserstack-java-sdk-1.20.1.jar
18:57:15.840 [ApplicationImpl pooled thread 71] INFO  c.b.l.BrowserStackRunExtension - Plugin version: v1.1.4
18:58:44.733 [ApplicationImpl pooled thread 66] INFO  c.b.l.BrowserStackRunExtension - junit
18:58:44.733 [ApplicationImpl pooled thread 66] INFO  com.browserstack.utils.Helpers - null
18:58:44.742 [ApplicationImpl pooled thread 66] INFO  com.browserstack.utils.Helpers - C:/Users/mickg/.m2/repository/com/browserstack/browserstack-java-sdk/1.20.1/browserstack-java-sdk-1.20.1.jar
18:58:44.742 [ApplicationImpl pooled thread 66] INFO  c.b.l.BrowserStackRunExtension - Agent path: C:/Users/mickg/.m2/repository/com/browserstack/browserstack-java-sdk/1.20.1/browserstack-java-sdk-1.20.1.jar
18:58:44.742 [ApplicationImpl pooled thread 66] INFO  c.b.l.BrowserStackRunExtension - Plugin version: v1.1.4
19:00:16.457 [ApplicationImpl pooled thread 71] INFO  c.b.l.BrowserStackRunExtension - junit
19:00:16.457 [ApplicationImpl pooled thread 71] INFO  com.browserstack.utils.Helpers - null
19:00:16.470 [ApplicationImpl pooled thread 71] INFO  com.browserstack.utils.Helpers - C:/Users/mickg/.m2/repository/com/browserstack/browserstack-java-sdk/1.20.1/browserstack-java-sdk-1.20.1.jar
19:00:16.470 [ApplicationImpl pooled thread 71] INFO  c.b.l.BrowserStackRunExtension - Agent path: C:/Users/mickg/.m2/repository/com/browserstack/browserstack-java-sdk/1.20.1/browserstack-java-sdk-1.20.1.jar
19:00:16.470 [ApplicationImpl pooled thread 71] INFO  c.b.l.BrowserStackRunExtension - Plugin version: v1.1.4
19:01:48.813 [ApplicationImpl pooled thread 72] INFO  c.b.l.BrowserStackRunExtension - junit
19:01:48.813 [ApplicationImpl pooled thread 72] INFO  com.browserstack.utils.Helpers - null
19:01:48.821 [ApplicationImpl pooled thread 72] INFO  com.browserstack.utils.Helpers - C:/Users/mickg/.m2/repository/com/browserstack/browserstack-java-sdk/1.20.1/browserstack-java-sdk-1.20.1.jar
19:01:48.821 [ApplicationImpl pooled thread 72] INFO  c.b.l.BrowserStackRunExtension - Agent path: C:/Users/mickg/.m2/repository/com/browserstack/browserstack-java-sdk/1.20.1/browserstack-java-sdk-1.20.1.jar
19:01:48.821 [ApplicationImpl pooled thread 72] INFO  c.b.l.BrowserStackRunExtension - Plugin version: v1.1.4
17:01:26.645 [ApplicationImpl pooled thread 23] INFO  c.b.l.BrowserStackRunExtension - junit
17:01:26.646 [ApplicationImpl pooled thread 23] INFO  com.browserstack.utils.Helpers - null
17:01:26.647 [ApplicationImpl pooled thread 23] INFO  com.browserstack.utils.Helpers - C:/Users/mickg/.m2/repository/com/browserstack/browserstack-java-sdk/1.20.1/browserstack-java-sdk-1.20.1.jar
17:01:26.647 [ApplicationImpl pooled thread 23] INFO  c.b.l.BrowserStackRunExtension - Agent path: C:/Users/mickg/.m2/repository/com/browserstack/browserstack-java-sdk/1.20.1/browserstack-java-sdk-1.20.1.jar
17:01:26.647 [ApplicationImpl pooled thread 23] INFO  c.b.l.BrowserStackRunExtension - Plugin version: v1.1.4
17:04:14.882 [ApplicationImpl pooled thread 53] INFO  c.b.l.BrowserStackRunExtension - junit
17:04:14.882 [ApplicationImpl pooled thread 53] INFO  com.browserstack.utils.Helpers - null
17:04:14.890 [ApplicationImpl pooled thread 53] INFO  com.browserstack.utils.Helpers - C:/Users/mickg/.m2/repository/com/browserstack/browserstack-java-sdk/1.20.1/browserstack-java-sdk-1.20.1.jar
17:04:14.890 [ApplicationImpl pooled thread 53] INFO  c.b.l.BrowserStackRunExtension - Agent path: C:/Users/mickg/.m2/repository/com/browserstack/browserstack-java-sdk/1.20.1/browserstack-java-sdk-1.20.1.jar
17:04:14.890 [ApplicationImpl pooled thread 53] INFO  c.b.l.BrowserStackRunExtension - Plugin version: v1.1.4
17:10:38.719 [ApplicationImpl pooled thread 56] INFO  c.b.l.BrowserStackRunExtension - junit
17:10:38.719 [ApplicationImpl pooled thread 56] INFO  com.browserstack.utils.Helpers - null
17:10:38.733 [ApplicationImpl pooled thread 56] INFO  com.browserstack.utils.Helpers - C:/Users/mickg/.m2/repository/com/browserstack/browserstack-java-sdk/1.20.1/browserstack-java-sdk-1.20.1.jar
17:10:38.733 [ApplicationImpl pooled thread 56] INFO  c.b.l.BrowserStackRunExtension - Agent path: C:/Users/mickg/.m2/repository/com/browserstack/browserstack-java-sdk/1.20.1/browserstack-java-sdk-1.20.1.jar
17:10:38.733 [ApplicationImpl pooled thread 56] INFO  c.b.l.BrowserStackRunExtension - Plugin version: v1.1.4
17:12:16.640 [ApplicationImpl pooled thread 56] INFO  c.b.l.BrowserStackRunExtension - junit
17:12:16.640 [ApplicationImpl pooled thread 56] INFO  com.browserstack.utils.Helpers - null
17:12:16.654 [ApplicationImpl pooled thread 56] INFO  com.browserstack.utils.Helpers - C:/Users/mickg/.m2/repository/com/browserstack/browserstack-java-sdk/1.20.1/browserstack-java-sdk-1.20.1.jar
17:12:16.654 [ApplicationImpl pooled thread 56] INFO  c.b.l.BrowserStackRunExtension - Agent path: C:/Users/mickg/.m2/repository/com/browserstack/browserstack-java-sdk/1.20.1/browserstack-java-sdk-1.20.1.jar
17:12:16.654 [ApplicationImpl pooled thread 56] INFO  c.b.l.BrowserStackRunExtension - Plugin version: v1.1.4
17:14:28.295 [ApplicationImpl pooled thread 81] INFO  c.b.l.BrowserStackRunExtension - junit
17:14:28.295 [ApplicationImpl pooled thread 81] INFO  com.browserstack.utils.Helpers - null
17:14:28.311 [ApplicationImpl pooled thread 81] INFO  com.browserstack.utils.Helpers - C:/Users/mickg/.m2/repository/com/browserstack/browserstack-java-sdk/1.20.1/browserstack-java-sdk-1.20.1.jar
17:14:28.311 [ApplicationImpl pooled thread 81] INFO  c.b.l.BrowserStackRunExtension - Agent path: C:/Users/mickg/.m2/repository/com/browserstack/browserstack-java-sdk/1.20.1/browserstack-java-sdk-1.20.1.jar
17:14:28.311 [ApplicationImpl pooled thread 81] INFO  c.b.l.BrowserStackRunExtension - Plugin version: v1.1.4
17:35:46.532 [ApplicationImpl pooled thread 87] INFO  c.b.l.BrowserStackRunExtension - maven
17:35:46.533 [ApplicationImpl pooled thread 87] INFO  com.browserstack.utils.Helpers - null
17:36:06.709 [ApplicationImpl pooled thread 86] INFO  c.b.l.BrowserStackRunExtension - maven
17:36:06.709 [ApplicationImpl pooled thread 86] INFO  com.browserstack.utils.Helpers - null
17:36:27.576 [ApplicationImpl pooled thread 87] INFO  c.b.l.BrowserStackRunExtension - junit
17:36:27.576 [ApplicationImpl pooled thread 87] INFO  com.browserstack.utils.Helpers - null
17:36:27.576 [ApplicationImpl pooled thread 87] INFO  com.browserstack.utils.Helpers - C:/Users/mickg/.m2/repository/com/browserstack/browserstack-java-sdk/1.20.1/browserstack-java-sdk-1.20.1.jar
17:36:27.576 [ApplicationImpl pooled thread 87] INFO  c.b.l.BrowserStackRunExtension - Agent path: C:/Users/mickg/.m2/repository/com/browserstack/browserstack-java-sdk/1.20.1/browserstack-java-sdk-1.20.1.jar
17:36:27.576 [ApplicationImpl pooled thread 87] INFO  c.b.l.BrowserStackRunExtension - Plugin version: v1.1.4
17:44:10.611 [ApplicationImpl pooled thread 87] INFO  c.b.l.BrowserStackRunExtension - junit
17:44:10.611 [ApplicationImpl pooled thread 87] INFO  com.browserstack.utils.Helpers - null
17:44:10.628 [ApplicationImpl pooled thread 87] INFO  com.browserstack.utils.Helpers - C:/Users/mickg/.m2/repository/com/browserstack/browserstack-java-sdk/1.20.1/browserstack-java-sdk-1.20.1.jar
17:44:10.628 [ApplicationImpl pooled thread 87] INFO  c.b.l.BrowserStackRunExtension - Agent path: C:/Users/mickg/.m2/repository/com/browserstack/browserstack-java-sdk/1.20.1/browserstack-java-sdk-1.20.1.jar
17:44:10.628 [ApplicationImpl pooled thread 87] INFO  c.b.l.BrowserStackRunExtension - Plugin version: v1.1.4
17:45:27.561 [ApplicationImpl pooled thread 87] INFO  c.b.l.BrowserStackRunExtension - maven
17:45:27.561 [ApplicationImpl pooled thread 87] INFO  com.browserstack.utils.Helpers - null
17:45:43.210 [ApplicationImpl pooled thread 87] INFO  c.b.l.BrowserStackRunExtension - junit
17:45:43.210 [ApplicationImpl pooled thread 87] INFO  com.browserstack.utils.Helpers - null
17:45:43.213 [ApplicationImpl pooled thread 87] INFO  com.browserstack.utils.Helpers - C:/Users/mickg/.m2/repository/com/browserstack/browserstack-java-sdk/1.20.1/browserstack-java-sdk-1.20.1.jar
17:45:43.213 [ApplicationImpl pooled thread 87] INFO  c.b.l.BrowserStackRunExtension - Agent path: C:/Users/mickg/.m2/repository/com/browserstack/browserstack-java-sdk/1.20.1/browserstack-java-sdk-1.20.1.jar
17:45:43.213 [ApplicationImpl pooled thread 87] INFO  c.b.l.BrowserStackRunExtension - Plugin version: v1.1.4
17:46:57.355 [ApplicationImpl pooled thread 97] INFO  c.b.l.BrowserStackRunExtension - junit
17:46:57.355 [ApplicationImpl pooled thread 97] INFO  com.browserstack.utils.Helpers - null
17:46:57.358 [ApplicationImpl pooled thread 97] INFO  com.browserstack.utils.Helpers - C:/Users/mickg/.m2/repository/com/browserstack/browserstack-java-sdk/1.20.1/browserstack-java-sdk-1.20.1.jar
17:46:57.358 [ApplicationImpl pooled thread 97] INFO  c.b.l.BrowserStackRunExtension - Agent path: C:/Users/mickg/.m2/repository/com/browserstack/browserstack-java-sdk/1.20.1/browserstack-java-sdk-1.20.1.jar
17:46:57.358 [ApplicationImpl pooled thread 97] INFO  c.b.l.BrowserStackRunExtension - Plugin version: v1.1.4
19:31:40.614 [ApplicationImpl pooled thread 22] INFO  c.b.l.BrowserStackRunExtension - junit
19:31:40.616 [ApplicationImpl pooled thread 22] INFO  com.browserstack.utils.Helpers - null
19:31:40.617 [ApplicationImpl pooled thread 22] INFO  com.browserstack.utils.Helpers - C:/Users/mickg/.m2/repository/com/browserstack/browserstack-java-sdk/1.20.1/browserstack-java-sdk-1.20.1.jar
19:31:40.617 [ApplicationImpl pooled thread 22] INFO  c.b.l.BrowserStackRunExtension - Agent path: C:/Users/mickg/.m2/repository/com/browserstack/browserstack-java-sdk/1.20.1/browserstack-java-sdk-1.20.1.jar
19:31:40.617 [ApplicationImpl pooled thread 22] INFO  c.b.l.BrowserStackRunExtension - Plugin version: v1.1.4
19:37:09.641 [ApplicationImpl pooled thread 6] INFO  c.b.l.BrowserStackRunExtension - junit
19:37:09.642 [ApplicationImpl pooled thread 6] INFO  com.browserstack.utils.Helpers - null
19:37:09.642 [ApplicationImpl pooled thread 6] INFO  com.browserstack.utils.Helpers - C:/Users/mickg/.m2/repository/com/browserstack/browserstack-java-sdk/1.20.1/browserstack-java-sdk-1.20.1.jar
19:37:09.642 [ApplicationImpl pooled thread 6] INFO  c.b.l.BrowserStackRunExtension - Agent path: C:/Users/mickg/.m2/repository/com/browserstack/browserstack-java-sdk/1.20.1/browserstack-java-sdk-1.20.1.jar
19:37:09.642 [ApplicationImpl pooled thread 6] INFO  c.b.l.BrowserStackRunExtension - Plugin version: v1.1.4
19:39:48.921 [ApplicationImpl pooled thread 25] INFO  c.b.l.BrowserStackRunExtension - junit
19:39:48.921 [ApplicationImpl pooled thread 25] INFO  com.browserstack.utils.Helpers - null
19:39:48.934 [ApplicationImpl pooled thread 25] INFO  com.browserstack.utils.Helpers - C:/Users/mickg/.m2/repository/com/browserstack/browserstack-java-sdk/1.20.1/browserstack-java-sdk-1.20.1.jar
19:39:48.934 [ApplicationImpl pooled thread 25] INFO  c.b.l.BrowserStackRunExtension - Agent path: C:/Users/mickg/.m2/repository/com/browserstack/browserstack-java-sdk/1.20.1/browserstack-java-sdk-1.20.1.jar
19:39:48.934 [ApplicationImpl pooled thread 25] INFO  c.b.l.BrowserStackRunExtension - Plugin version: v1.1.4
19:41:05.452 [ApplicationImpl pooled thread 47] INFO  c.b.l.BrowserStackRunExtension - junit
19:41:05.452 [ApplicationImpl pooled thread 47] INFO  com.browserstack.utils.Helpers - null
19:41:05.457 [ApplicationImpl pooled thread 47] INFO  com.browserstack.utils.Helpers - C:/Users/mickg/.m2/repository/com/browserstack/browserstack-java-sdk/1.20.1/browserstack-java-sdk-1.20.1.jar
19:41:05.457 [ApplicationImpl pooled thread 47] INFO  c.b.l.BrowserStackRunExtension - Agent path: C:/Users/mickg/.m2/repository/com/browserstack/browserstack-java-sdk/1.20.1/browserstack-java-sdk-1.20.1.jar
19:41:05.457 [ApplicationImpl pooled thread 47] INFO  c.b.l.BrowserStackRunExtension - Plugin version: v1.1.4
19:47:54.151 [ApplicationImpl pooled thread 53] INFO  c.b.l.BrowserStackRunExtension - junit
19:47:54.151 [ApplicationImpl pooled thread 53] INFO  com.browserstack.utils.Helpers - null
19:47:54.153 [ApplicationImpl pooled thread 53] INFO  com.browserstack.utils.Helpers - C:/Users/mickg/.m2/repository/com/browserstack/browserstack-java-sdk/1.20.1/browserstack-java-sdk-1.20.1.jar
19:47:54.153 [ApplicationImpl pooled thread 53] INFO  c.b.l.BrowserStackRunExtension - Agent path: C:/Users/mickg/.m2/repository/com/browserstack/browserstack-java-sdk/1.20.1/browserstack-java-sdk-1.20.1.jar
19:47:54.153 [ApplicationImpl pooled thread 53] INFO  c.b.l.BrowserStackRunExtension - Plugin version: v1.1.4
20:05:24.968 [ApplicationImpl pooled thread 58] INFO  c.b.l.BrowserStackRunExtension - junit
20:05:24.968 [ApplicationImpl pooled thread 58] INFO  com.browserstack.utils.Helpers - null
20:05:24.969 [ApplicationImpl pooled thread 58] INFO  com.browserstack.utils.Helpers - C:/Users/mickg/.m2/repository/com/browserstack/browserstack-java-sdk/1.20.1/browserstack-java-sdk-1.20.1.jar
20:05:24.969 [ApplicationImpl pooled thread 58] INFO  c.b.l.BrowserStackRunExtension - Agent path: C:/Users/mickg/.m2/repository/com/browserstack/browserstack-java-sdk/1.20.1/browserstack-java-sdk-1.20.1.jar
20:05:24.969 [ApplicationImpl pooled thread 58] INFO  c.b.l.BrowserStackRunExtension - Plugin version: v1.1.4
20:07:28.134 [ApplicationImpl pooled thread 58] INFO  c.b.l.BrowserStackRunExtension - junit
20:07:28.134 [ApplicationImpl pooled thread 58] INFO  com.browserstack.utils.Helpers - null
20:07:28.146 [ApplicationImpl pooled thread 58] INFO  com.browserstack.utils.Helpers - C:/Users/mickg/.m2/repository/com/browserstack/browserstack-java-sdk/1.20.1/browserstack-java-sdk-1.20.1.jar
20:07:28.146 [ApplicationImpl pooled thread 58] INFO  c.b.l.BrowserStackRunExtension - Agent path: C:/Users/mickg/.m2/repository/com/browserstack/browserstack-java-sdk/1.20.1/browserstack-java-sdk-1.20.1.jar
20:07:28.146 [ApplicationImpl pooled thread 58] INFO  c.b.l.BrowserStackRunExtension - Plugin version: v1.1.4
20:13:14.110 [ApplicationImpl pooled thread 65] INFO  c.b.l.BrowserStackRunExtension - junit
20:13:14.110 [ApplicationImpl pooled thread 65] INFO  com.browserstack.utils.Helpers - null
20:13:14.124 [ApplicationImpl pooled thread 65] INFO  com.browserstack.utils.Helpers - C:/Users/mickg/.m2/repository/com/browserstack/browserstack-java-sdk/1.20.1/browserstack-java-sdk-1.20.1.jar
20:13:14.124 [ApplicationImpl pooled thread 65] INFO  c.b.l.BrowserStackRunExtension - Agent path: C:/Users/mickg/.m2/repository/com/browserstack/browserstack-java-sdk/1.20.1/browserstack-java-sdk-1.20.1.jar
20:13:14.124 [ApplicationImpl pooled thread 65] INFO  c.b.l.BrowserStackRunExtension - Plugin version: v1.1.4
20:15:24.280 [ApplicationImpl pooled thread 58] INFO  c.b.l.BrowserStackRunExtension - junit
20:15:24.280 [ApplicationImpl pooled thread 58] INFO  com.browserstack.utils.Helpers - null
20:15:24.282 [ApplicationImpl pooled thread 58] INFO  com.browserstack.utils.Helpers - C:/Users/mickg/.m2/repository/com/browserstack/browserstack-java-sdk/1.20.1/browserstack-java-sdk-1.20.1.jar
20:15:24.282 [ApplicationImpl pooled thread 58] INFO  c.b.l.BrowserStackRunExtension - Agent path: C:/Users/mickg/.m2/repository/com/browserstack/browserstack-java-sdk/1.20.1/browserstack-java-sdk-1.20.1.jar
20:15:24.282 [ApplicationImpl pooled thread 58] INFO  c.b.l.BrowserStackRunExtension - Plugin version: v1.1.4
20:16:20.093 [ApplicationImpl pooled thread 68] INFO  c.b.l.BrowserStackRunExtension - junit
20:16:20.093 [ApplicationImpl pooled thread 68] INFO  com.browserstack.utils.Helpers - null
20:16:20.094 [ApplicationImpl pooled thread 68] INFO  com.browserstack.utils.Helpers - C:/Users/mickg/.m2/repository/com/browserstack/browserstack-java-sdk/1.20.1/browserstack-java-sdk-1.20.1.jar
20:16:20.094 [ApplicationImpl pooled thread 68] INFO  c.b.l.BrowserStackRunExtension - Agent path: C:/Users/mickg/.m2/repository/com/browserstack/browserstack-java-sdk/1.20.1/browserstack-java-sdk-1.20.1.jar
20:16:20.094 [ApplicationImpl pooled thread 68] INFO  c.b.l.BrowserStackRunExtension - Plugin version: v1.1.4
20:17:46.587 [ApplicationImpl pooled thread 78] INFO  c.b.l.BrowserStackRunExtension - junit
20:17:46.587 [ApplicationImpl pooled thread 78] INFO  com.browserstack.utils.Helpers - null
20:17:46.587 [ApplicationImpl pooled thread 78] INFO  com.browserstack.utils.Helpers - C:/Users/mickg/.m2/repository/com/browserstack/browserstack-java-sdk/1.20.1/browserstack-java-sdk-1.20.1.jar
20:17:46.587 [ApplicationImpl pooled thread 78] INFO  c.b.l.BrowserStackRunExtension - Agent path: C:/Users/mickg/.m2/repository/com/browserstack/browserstack-java-sdk/1.20.1/browserstack-java-sdk-1.20.1.jar
20:17:46.587 [ApplicationImpl pooled thread 78] INFO  c.b.l.BrowserStackRunExtension - Plugin version: v1.1.4
20:21:56.520 [ApplicationImpl pooled thread 90] INFO  c.b.l.BrowserStackRunExtension - junit
20:21:56.520 [ApplicationImpl pooled thread 90] INFO  com.browserstack.utils.Helpers - null
20:21:56.535 [ApplicationImpl pooled thread 90] INFO  com.browserstack.utils.Helpers - C:/Users/mickg/.m2/repository/com/browserstack/browserstack-java-sdk/1.20.1/browserstack-java-sdk-1.20.1.jar
20:21:56.535 [ApplicationImpl pooled thread 90] INFO  c.b.l.BrowserStackRunExtension - Agent path: C:/Users/mickg/.m2/repository/com/browserstack/browserstack-java-sdk/1.20.1/browserstack-java-sdk-1.20.1.jar
20:21:56.535 [ApplicationImpl pooled thread 90] INFO  c.b.l.BrowserStackRunExtension - Plugin version: v1.1.4
20:23:07.765 [ApplicationImpl pooled thread 89] INFO  c.b.l.BrowserStackRunExtension - junit
20:23:07.766 [ApplicationImpl pooled thread 89] INFO  com.browserstack.utils.Helpers - null
20:23:07.774 [ApplicationImpl pooled thread 89] INFO  com.browserstack.utils.Helpers - C:/Users/mickg/.m2/repository/com/browserstack/browserstack-java-sdk/1.20.1/browserstack-java-sdk-1.20.1.jar
20:23:07.774 [ApplicationImpl pooled thread 89] INFO  c.b.l.BrowserStackRunExtension - Agent path: C:/Users/mickg/.m2/repository/com/browserstack/browserstack-java-sdk/1.20.1/browserstack-java-sdk-1.20.1.jar
20:23:07.774 [ApplicationImpl pooled thread 89] INFO  c.b.l.BrowserStackRunExtension - Plugin version: v1.1.4
20:37:02.626 [ApplicationImpl pooled thread 95] INFO  c.b.l.BrowserStackRunExtension - junit
20:37:02.626 [ApplicationImpl pooled thread 95] INFO  com.browserstack.utils.Helpers - null
20:37:02.634 [ApplicationImpl pooled thread 95] INFO  com.browserstack.utils.Helpers - C:/Users/mickg/.m2/repository/com/browserstack/browserstack-java-sdk/1.20.1/browserstack-java-sdk-1.20.1.jar
20:37:02.634 [ApplicationImpl pooled thread 95] INFO  c.b.l.BrowserStackRunExtension - Agent path: C:/Users/mickg/.m2/repository/com/browserstack/browserstack-java-sdk/1.20.1/browserstack-java-sdk-1.20.1.jar
20:37:02.634 [ApplicationImpl pooled thread 95] INFO  c.b.l.BrowserStackRunExtension - Plugin version: v1.1.4
20:37:59.308 [ApplicationImpl pooled thread 97] INFO  c.b.l.BrowserStackRunExtension - junit
20:37:59.308 [ApplicationImpl pooled thread 97] INFO  com.browserstack.utils.Helpers - null
20:37:59.315 [ApplicationImpl pooled thread 97] INFO  com.browserstack.utils.Helpers - C:/Users/mickg/.m2/repository/com/browserstack/browserstack-java-sdk/1.20.1/browserstack-java-sdk-1.20.1.jar
20:37:59.315 [ApplicationImpl pooled thread 97] INFO  c.b.l.BrowserStackRunExtension - Agent path: C:/Users/mickg/.m2/repository/com/browserstack/browserstack-java-sdk/1.20.1/browserstack-java-sdk-1.20.1.jar
20:37:59.315 [ApplicationImpl pooled thread 97] INFO  c.b.l.BrowserStackRunExtension - Plugin version: v1.1.4
20:47:34.284 [ApplicationImpl pooled thread 104] INFO  c.b.l.BrowserStackRunExtension - junit
20:47:34.284 [ApplicationImpl pooled thread 104] INFO  com.browserstack.utils.Helpers - null
20:47:34.286 [ApplicationImpl pooled thread 104] INFO  com.browserstack.utils.Helpers - C:/Users/mickg/.m2/repository/com/browserstack/browserstack-java-sdk/1.20.1/browserstack-java-sdk-1.20.1.jar
20:47:34.286 [ApplicationImpl pooled thread 104] INFO  c.b.l.BrowserStackRunExtension - Agent path: C:/Users/mickg/.m2/repository/com/browserstack/browserstack-java-sdk/1.20.1/browserstack-java-sdk-1.20.1.jar
20:47:34.286 [ApplicationImpl pooled thread 104] INFO  c.b.l.BrowserStackRunExtension - Plugin version: v1.1.4
20:48:31.767 [ApplicationImpl pooled thread 103] INFO  c.b.l.BrowserStackRunExtension - junit
20:48:31.767 [ApplicationImpl pooled thread 103] INFO  com.browserstack.utils.Helpers - null
20:48:31.767 [ApplicationImpl pooled thread 103] INFO  com.browserstack.utils.Helpers - C:/Users/mickg/.m2/repository/com/browserstack/browserstack-java-sdk/1.20.1/browserstack-java-sdk-1.20.1.jar
20:48:31.767 [ApplicationImpl pooled thread 103] INFO  c.b.l.BrowserStackRunExtension - Agent path: C:/Users/mickg/.m2/repository/com/browserstack/browserstack-java-sdk/1.20.1/browserstack-java-sdk-1.20.1.jar
20:48:31.767 [ApplicationImpl pooled thread 103] INFO  c.b.l.BrowserStackRunExtension - Plugin version: v1.1.4
20:57:38.619 [ApplicationImpl pooled thread 108] INFO  c.b.l.BrowserStackRunExtension - junit
20:57:38.620 [ApplicationImpl pooled thread 108] INFO  com.browserstack.utils.Helpers - null
20:57:38.620 [ApplicationImpl pooled thread 108] INFO  com.browserstack.utils.Helpers - C:/Users/mickg/.m2/repository/com/browserstack/browserstack-java-sdk/1.20.1/browserstack-java-sdk-1.20.1.jar
20:57:38.620 [ApplicationImpl pooled thread 108] INFO  c.b.l.BrowserStackRunExtension - Agent path: C:/Users/mickg/.m2/repository/com/browserstack/browserstack-java-sdk/1.20.1/browserstack-java-sdk-1.20.1.jar
20:57:38.620 [ApplicationImpl pooled thread 108] INFO  c.b.l.BrowserStackRunExtension - Plugin version: v1.1.4
21:08:52.248 [ApplicationImpl pooled thread 109] INFO  c.b.l.BrowserStackRunExtension - junit
21:08:52.249 [ApplicationImpl pooled thread 109] INFO  com.browserstack.utils.Helpers - null
21:08:52.249 [ApplicationImpl pooled thread 109] INFO  com.browserstack.utils.Helpers - C:/Users/mickg/.m2/repository/com/browserstack/browserstack-java-sdk/1.20.1/browserstack-java-sdk-1.20.1.jar
21:08:52.249 [ApplicationImpl pooled thread 109] INFO  c.b.l.BrowserStackRunExtension - Agent path: C:/Users/mickg/.m2/repository/com/browserstack/browserstack-java-sdk/1.20.1/browserstack-java-sdk-1.20.1.jar
21:08:52.249 [ApplicationImpl pooled thread 109] INFO  c.b.l.BrowserStackRunExtension - Plugin version: v1.1.4
21:09:59.884 [ApplicationImpl pooled thread 113] INFO  c.b.l.BrowserStackRunExtension - junit
21:09:59.884 [ApplicationImpl pooled thread 113] INFO  com.browserstack.utils.Helpers - null
21:09:59.884 [ApplicationImpl pooled thread 113] INFO  com.browserstack.utils.Helpers - C:/Users/mickg/.m2/repository/com/browserstack/browserstack-java-sdk/1.20.1/browserstack-java-sdk-1.20.1.jar
21:09:59.884 [ApplicationImpl pooled thread 113] INFO  c.b.l.BrowserStackRunExtension - Agent path: C:/Users/mickg/.m2/repository/com/browserstack/browserstack-java-sdk/1.20.1/browserstack-java-sdk-1.20.1.jar
21:09:59.884 [ApplicationImpl pooled thread 113] INFO  c.b.l.BrowserStackRunExtension - Plugin version: v1.1.4
21:15:23.425 [ApplicationImpl pooled thread 118] INFO  c.b.l.BrowserStackRunExtension - junit
21:15:23.425 [ApplicationImpl pooled thread 118] INFO  com.browserstack.utils.Helpers - null
21:15:23.439 [ApplicationImpl pooled thread 118] INFO  com.browserstack.utils.Helpers - C:/Users/mickg/.m2/repository/com/browserstack/browserstack-java-sdk/1.20.1/browserstack-java-sdk-1.20.1.jar
21:15:23.439 [ApplicationImpl pooled thread 118] INFO  c.b.l.BrowserStackRunExtension - Agent path: C:/Users/mickg/.m2/repository/com/browserstack/browserstack-java-sdk/1.20.1/browserstack-java-sdk-1.20.1.jar
21:15:23.439 [ApplicationImpl pooled thread 118] INFO  c.b.l.BrowserStackRunExtension - Plugin version: v1.1.4
21:17:21.178 [ApplicationImpl pooled thread 123] INFO  c.b.l.BrowserStackRunExtension - junit
21:17:21.178 [ApplicationImpl pooled thread 123] INFO  com.browserstack.utils.Helpers - null
21:17:21.178 [ApplicationImpl pooled thread 123] INFO  com.browserstack.utils.Helpers - C:/Users/mickg/.m2/repository/com/browserstack/browserstack-java-sdk/1.20.1/browserstack-java-sdk-1.20.1.jar
21:17:21.178 [ApplicationImpl pooled thread 123] INFO  c.b.l.BrowserStackRunExtension - Agent path: C:/Users/mickg/.m2/repository/com/browserstack/browserstack-java-sdk/1.20.1/browserstack-java-sdk-1.20.1.jar
21:17:21.178 [ApplicationImpl pooled thread 123] INFO  c.b.l.BrowserStackRunExtension - Plugin version: v1.1.4
21:36:38.994 [ApplicationImpl pooled thread 118] INFO  c.b.l.BrowserStackRunExtension - junit
21:36:38.994 [ApplicationImpl pooled thread 118] INFO  com.browserstack.utils.Helpers - null
21:36:39.008 [ApplicationImpl pooled thread 118] INFO  com.browserstack.utils.Helpers - C:/Users/mickg/.m2/repository/com/browserstack/browserstack-java-sdk/1.20.1/browserstack-java-sdk-1.20.1.jar
21:36:39.008 [ApplicationImpl pooled thread 118] INFO  c.b.l.BrowserStackRunExtension - Agent path: C:/Users/mickg/.m2/repository/com/browserstack/browserstack-java-sdk/1.20.1/browserstack-java-sdk-1.20.1.jar
21:36:39.008 [ApplicationImpl pooled thread 118] INFO  c.b.l.BrowserStackRunExtension - Plugin version: v1.1.4
21:38:21.211 [ApplicationImpl pooled thread 142] INFO  c.b.l.BrowserStackRunExtension - junit
21:38:21.211 [ApplicationImpl pooled thread 142] INFO  com.browserstack.utils.Helpers - null
21:38:21.212 [ApplicationImpl pooled thread 142] INFO  com.browserstack.utils.Helpers - C:/Users/mickg/.m2/repository/com/browserstack/browserstack-java-sdk/1.20.1/browserstack-java-sdk-1.20.1.jar
21:38:21.212 [ApplicationImpl pooled thread 142] INFO  c.b.l.BrowserStackRunExtension - Agent path: C:/Users/mickg/.m2/repository/com/browserstack/browserstack-java-sdk/1.20.1/browserstack-java-sdk-1.20.1.jar
21:38:21.212 [ApplicationImpl pooled thread 142] INFO  c.b.l.BrowserStackRunExtension - Plugin version: v1.1.4
21:40:27.208 [ApplicationImpl pooled thread 130] INFO  c.b.l.BrowserStackRunExtension - junit
21:40:27.208 [ApplicationImpl pooled thread 130] INFO  com.browserstack.utils.Helpers - null
21:40:27.208 [ApplicationImpl pooled thread 130] INFO  com.browserstack.utils.Helpers - C:/Users/mickg/.m2/repository/com/browserstack/browserstack-java-sdk/1.20.1/browserstack-java-sdk-1.20.1.jar
21:40:27.208 [ApplicationImpl pooled thread 130] INFO  c.b.l.BrowserStackRunExtension - Agent path: C:/Users/mickg/.m2/repository/com/browserstack/browserstack-java-sdk/1.20.1/browserstack-java-sdk-1.20.1.jar
21:40:27.208 [ApplicationImpl pooled thread 130] INFO  c.b.l.BrowserStackRunExtension - Plugin version: v1.1.4
21:41:34.750 [ApplicationImpl pooled thread 142] INFO  c.b.l.BrowserStackRunExtension - junit
21:41:34.750 [ApplicationImpl pooled thread 142] INFO  com.browserstack.utils.Helpers - null
21:41:34.764 [ApplicationImpl pooled thread 142] INFO  com.browserstack.utils.Helpers - C:/Users/mickg/.m2/repository/com/browserstack/browserstack-java-sdk/1.20.1/browserstack-java-sdk-1.20.1.jar
21:41:34.764 [ApplicationImpl pooled thread 142] INFO  c.b.l.BrowserStackRunExtension - Agent path: C:/Users/mickg/.m2/repository/com/browserstack/browserstack-java-sdk/1.20.1/browserstack-java-sdk-1.20.1.jar
21:41:34.764 [ApplicationImpl pooled thread 142] INFO  c.b.l.BrowserStackRunExtension - Plugin version: v1.1.4
